2026-03-27 01:35:05.050  INFO 1 - [       main] c.epam.healenium.Application     : Starting Application v3.4.6 using Java 22.0.2 with PID 1 (/healenium-backend.jar started by root in /) 
2026-03-27 01:35:05.160  INFO 1 - [       main] c.epam.healenium.Application     : No active profile set, falling back to 1 default profile: "default" 
2026-03-27 01:35:08.724  INFO 1 - [       main] .RepositoryConfigurationDelegate : Bootstrapping Spring Data JPA repositories in DEFAULT mode. 
2026-03-27 01:35:09.165  INFO 1 - [       main] .RepositoryConfigurationDelegate : Finished Spring Data repository scanning in 425 ms. Found 4 JPA repository interfaces. 
2026-03-27 01:35:12.548  INFO 1 - [       main] o.s.b.w.e.t.TomcatWebServer      : Tomcat initialized with port 7878 (http) 
2026-03-27 01:35:12.624  INFO 1 - [       main] o.a.c.core.StandardService       : Starting service [Tomcat] 
2026-03-27 01:35:12.625  INFO 1 - [       main] o.a.c.core.StandardEngine        : Starting Servlet engine: [Apache Tomcat/10.1.30] 
2026-03-27 01:35:12.726  INFO 1 - [       main] o.a.c.c.C.[.[localhost].[/]      : Initializing Spring embedded WebApplicationContext 
2026-03-27 01:35:12.727  INFO 1 - [       main] rvletWebServerApplicationContext : Root WebApplicationContext: initialization completed in 7315 ms 
2026-03-27 01:35:13.554  INFO 1 - [       main] c.z.hikari.HikariDataSource      : HikariPool-1 - Starting... 
2026-03-27 01:35:13.832  INFO 1 - [       main] c.z.hikari.HikariDataSource      : HikariPool-1 - Start completed. 
2026-03-27 01:35:14.008  INFO 1 - [       main] liquibase.database               : Set default schema name to healenium 
2026-03-27 01:35:15.407  INFO 1 - [       main] liquibase.changelog              : Creating database history table with name: healenium.databasechangelog 
2026-03-27 01:35:15.478  INFO 1 - [       main] liquibase.changelog              : Reading from healenium.databasechangelog 
2026-03-27 01:35:15.695  INFO 1 - [       main] liquibase.lockservice            : Successfully acquired change log lock 
2026-03-27 01:35:15.704  INFO 1 - [       main] liquibase.command                : Using deploymentId: 4564515701 
2026-03-27 01:35:15.707  INFO 1 - [       main] liquibase.changelog              : Reading from healenium.databasechangelog 
2026-03-27 01:35:15.784  INFO 1 - [       main] liquibase.ui                     : Running Changeset: changelog/001_createSequence.xml::3::nkobzev 
2026-03-27 01:35:15.793  INFO 1 - [       main] liquibase.changelog              : Sequence healing_result_seq created 
2026-03-27 01:35:15.796  INFO 1 - [       main] liquibase.changelog              : ChangeSet changelog/001_createSequence.xml::3::nkobzev ran successfully in 10ms 
2026-03-27 01:35:15.810  INFO 1 - [       main] liquibase.ui                     : Running Changeset: changelog/002_selector.xml::5::nkobzev 
2026-03-27 01:35:15.817  INFO 1 - [       main] liquibase.changelog              : Table SELECTOR created 
2026-03-27 01:35:15.818  INFO 1 - [       main] liquibase.changelog              : ChangeSet changelog/002_selector.xml::5::nkobzev ran successfully in 7ms 
2026-03-27 01:35:15.834  INFO 1 - [       main] liquibase.ui                     : Running Changeset: changelog/002_selector.xml::6::nkobzev 
2026-03-27 01:35:15.874  INFO 1 - [       main] liquibase.changelog              : Index SELECTOR_PK created 
2026-03-27 01:35:15.876  INFO 1 - [       main] liquibase.changelog              : ChangeSet changelog/002_selector.xml::6::nkobzev ran successfully in 41ms 
2026-03-27 01:35:15.882  INFO 1 - [       main] liquibase.ui                     : Running Changeset: changelog/003_healing.xml::7::nkobzev 
2026-03-27 01:35:15.897  INFO 1 - [       main] liquibase.changelog              : Table HEALING created 
2026-03-27 01:35:15.899  INFO 1 - [       main] liquibase.changelog              : ChangeSet changelog/003_healing.xml::7::nkobzev ran successfully in 16ms 
2026-03-27 01:35:15.914  INFO 1 - [       main] liquibase.ui                     : Running Changeset: changelog/003_healing.xml::8::nkobzev 
2026-03-27 01:35:15.935  INFO 1 - [       main] liquibase.changelog              : Index HEALING_PK created 
2026-03-27 01:35:15.943  INFO 1 - [       main] liquibase.changelog              : Foreign key constraint added to HEALING (SELECTOR_ID) 
2026-03-27 01:35:15.945  INFO 1 - [       main] liquibase.changelog              : ChangeSet changelog/003_healing.xml::8::nkobzev ran successfully in 28ms 
2026-03-27 01:35:15.955  INFO 1 - [       main] liquibase.ui                     : Running Changeset: changelog/004_healingResult.xml::9::nkobzev 
2026-03-27 01:35:15.975  INFO 1 - [       main] liquibase.changelog              : Table HEALING_RESULT created 
2026-03-27 01:35:15.976  INFO 1 - [       main] liquibase.changelog              : ChangeSet changelog/004_healingResult.xml::9::nkobzev ran successfully in 20ms 
2026-03-27 01:35:15.984  INFO 1 - [       main] liquibase.ui                     : Running Changeset: changelog/004_healingResult.xml::10::nkobzev 
2026-03-27 01:35:16.007  INFO 1 - [       main] liquibase.changelog              : Index HEALING_RESULT_PK created 
2026-03-27 01:35:16.010  INFO 1 - [       main] liquibase.changelog              : Foreign key constraint added to HEALING_RESULT (HEALING_ID) 
2026-03-27 01:35:16.011  INFO 1 - [       main] liquibase.changelog              : ChangeSet changelog/004_healingResult.xml::10::nkobzev ran successfully in 25ms 
2026-03-27 01:35:16.019  INFO 1 - [       main] liquibase.ui                     : Running Changeset: changelog/005_report.xml::11::nkobzev 
2026-03-27 01:35:16.024  INFO 1 - [       main] liquibase.changelog              : Table REPORT created 
2026-03-27 01:35:16.025  INFO 1 - [       main] liquibase.changelog              : ChangeSet changelog/005_report.xml::11::nkobzev ran successfully in 5ms 
2026-03-27 01:35:16.030  INFO 1 - [       main] liquibase.ui                     : Running Changeset: changelog/005_report.xml::12::nkobzev 
2026-03-27 01:35:16.048  INFO 1 - [       main] liquibase.changelog              : Index REPORT_PK created 
2026-03-27 01:35:16.048  INFO 1 - [       main] liquibase.changelog              : ChangeSet changelog/005_report.xml::12::nkobzev ran successfully in 16ms 
2026-03-27 01:35:16.052  INFO 1 - [       main] liquibase.ui                     : Running Changeset: changelog/006_command_and_healingenable_column.xml::13::nkobzev 
2026-03-27 01:35:16.055  INFO 1 - [       main] liquibase.changelog              : Columns COMMAND(VARCHAR(264)),ENABLE_HEALING(BOOLEAN) added to SELECTOR 
2026-03-27 01:35:16.055  INFO 1 - [       main] liquibase.changelog              : ChangeSet changelog/006_command_and_healingenable_column.xml::13::nkobzev ran successfully in 3ms 
2026-03-27 01:35:16.070  INFO 1 - [       main] liquibase.util                   : UPDATE SUMMARY 
2026-03-27 01:35:16.070  INFO 1 - [       main] liquibase.util                   : Run:                         10 
2026-03-27 01:35:16.070  INFO 1 - [       main] liquibase.util                   : Previously run:               0 
2026-03-27 01:35:16.071  INFO 1 - [       main] liquibase.util                   : Filtered out:                 0 
2026-03-27 01:35:16.071  INFO 1 - [       main] liquibase.util                   : ------------------------------- 
2026-03-27 01:35:16.071  INFO 1 - [       main] liquibase.util                   : Total change sets:           10 
2026-03-27 01:35:16.072  INFO 1 - [       main] liquibase.util                   : Update summary generated 
2026-03-27 01:35:16.076  INFO 1 - [       main] liquibase.command                : Update command completed successfully. 
2026-03-27 01:35:16.077  INFO 1 - [       main] liquibase.ui                     : Liquibase: Update has been successful. Rows affected: 10 
2026-03-27 01:35:16.082  INFO 1 - [       main] liquibase.lockservice            : Successfully released change log lock 
2026-03-27 01:35:16.084  INFO 1 - [       main] liquibase.command                : Command execution complete 
2026-03-27 01:35:16.446  INFO 1 - [       main] o.h.j.internal.util.LogHelper    : HHH000204: Processing PersistenceUnitInfo [name: default] 
2026-03-27 01:35:16.573  INFO 1 - [       main] org.hibernate.Version            : HHH000412: Hibernate ORM core version 6.5.3.Final 
2026-03-27 01:35:16.636  INFO 1 - [       main] o.h.c.i.RegionFactoryInitiator   : HHH000026: Second-level cache disabled 
2026-03-27 01:35:17.375  INFO 1 - [       main] .o.j.p.SpringPersistenceUnitInfo : No LoadTimeWeaver setup: ignoring JPA class transformer 
2026-03-27 01:35:17.404  WARN 1 - [       main] org.hibernate.orm.deprecation    : HHH90000021: Encountered deprecated setting [hibernate.temp.use_jdbc_metadata_defaults], use [hibernate.boot.allow_jdbc_metadata_access] instead 
2026-03-27 01:35:17.441  WARN 1 - [       main] org.hibernate.orm.deprecation    : HHH90000025: PostgreSQLDialect does not need to be specified explicitly using 'hibernate.dialect' (remove the property setting and it will be selected by default) 
2026-03-27 01:35:20.942  WARN 1 - [       main] o.h.m.internal.MetadataContext   : HHH015011: Unable to locate static metamodel field : com.epam.healenium.model.domain.Selector_#nodePathWrapper; this may or may not indicate a problem with the static metamodel 
2026-03-27 01:35:20.975  INFO 1 - [       main] h.e.t.j.p.i.JtaPlatformInitiator : HHH000489: No JTA platform available (set 'hibernate.transaction.jta.platform' to enable JTA platform integration) 
2026-03-27 01:35:21.002  INFO 1 - [       main] ontainerEntityManagerFactoryBean : Initialized JPA EntityManagerFactory for persistence unit 'default' 
2026-03-27 01:35:22.139  INFO 1 - [       main] o.s.d.j.r.q.QueryEnhancerFactory : Hibernate is in classpath; If applicable, HQL parser will be used. 
2026-03-27 01:35:24.695  INFO 1 - [       main] .a.w.s.WelcomePageHandlerMapping : Adding welcome page template: index 
2026-03-27 01:35:26.796  INFO 1 - [       main] .s.b.a.e.w.EndpointLinksResolver : Exposing 1 endpoint beneath base path '/actuator' 
2026-03-27 01:35:27.105  INFO 1 - [       main] o.s.b.w.e.t.TomcatWebServer      : Tomcat started on port 7878 (http) with context path '/' 
2026-03-27 01:35:27.305  INFO 1 - [       main] c.epam.healenium.Application     : Started Application in 23.613 seconds (process running for 26.514) 
2026-03-27 01:36:47.094  INFO 1 - [7878-exec-1] o.a.c.c.C.[.[localhost].[/]      : Initializing Spring DispatcherServlet 'dispatcherServlet' 
2026-03-27 01:36:47.098  INFO 1 - [7878-exec-1] o.s.w.s.DispatcherServlet        : Initializing Servlet 'dispatcherServlet' 
2026-03-27 01:36:47.110  INFO 1 - [7878-exec-1] o.s.w.s.DispatcherServlet        : Completed initialization in 6 ms 
2026-03-27 01:40:54.596  INFO 1 - [7878-exec-6] healenium                        : [Save Elements] Request: By.id(my-text-id) 
2026-03-27 01:40:54.868  INFO 1 - [7878-exec-7] healenium                        : [Save Elements] Request: By.name(my-password) 
2026-03-27 01:40:54.955  INFO 1 - [7878-exec-8] healenium                        : [Save Elements] Request: By.name(my-textarea) 
2026-03-27 01:40:55.056  INFO 1 - [7878-exec-9] healenium                        : [Save Elements] Request: By.name(my-select) 
2026-03-27 01:40:55.112  INFO 1 - [878-exec-10] healenium                        : [Save Elements] Request: By.xpath(.//option[@value = "2"]) 
2026-03-27 01:40:56.199  INFO 1 - [7878-exec-1] healenium                        : [Save Elements] Request: By.id(my-check-2) 
2026-03-27 01:40:56.278  INFO 1 - [7878-exec-2] healenium                        : [Save Elements] Request: By.id(my-radio-2) 
2026-03-27 01:40:56.341  INFO 1 - [7878-exec-3] healenium                        : [Save Elements] Request: By.name(my-date) 
2026-03-27 01:40:56.415  INFO 1 - [7878-exec-4] healenium                        : [Save Elements] Request: By.cssSelector(button[type='submit']) 
2026-03-27 01:47:18.334  INFO 1 - [7878-exec-9] healenium                        : [Save Elements] Request: By.id(my-text-id) 
2026-03-27 01:47:18.560  INFO 1 - [878-exec-10] healenium                        : [Save Elements] Request: By.name(my-password) 
2026-03-27 01:47:18.639  INFO 1 - [7878-exec-1] healenium                        : [Save Elements] Request: By.name(my-textarea) 
2026-03-27 01:47:18.708  INFO 1 - [7878-exec-2] healenium                        : [Save Elements] Request: By.name(my-select) 
2026-03-27 01:47:18.761  INFO 1 - [7878-exec-3] healenium                        : [Save Elements] Request: By.xpath(.//option[@value = "2"]) 
2026-03-27 01:47:19.875  INFO 1 - [7878-exec-4] healenium                        : [Save Elements] Request: By.id(my-check-2) 
2026-03-27 01:47:19.956  INFO 1 - [7878-exec-5] healenium                        : [Save Elements] Request: By.id(my-radio-2) 
2026-03-27 01:47:20.012  INFO 1 - [7878-exec-6] healenium                        : [Save Elements] Request: By.name(my-date) 
2026-03-27 01:47:20.081  INFO 1 - [7878-exec-7] healenium                        : [Save Elements] Request: By.cssSelector(button[type='submit']) 
2026-03-27 01:47:33.371  INFO 1 - [7878-exec-1] healenium                        : [Save Elements] Request: By.id(my-text-id) 
2026-03-27 01:47:33.520  INFO 1 - [7878-exec-2] healenium                        : [Save Elements] Request: By.name(my-password) 
2026-03-27 01:47:33.608  INFO 1 - [7878-exec-3] healenium                        : [Save Elements] Request: By.name(my-textarea) 
2026-03-27 01:47:33.673  INFO 1 - [7878-exec-4] healenium                        : [Save Elements] Request: By.name(my-select) 
2026-03-27 01:47:33.727  INFO 1 - [7878-exec-5] healenium                        : [Save Elements] Request: By.xpath(.//option[@value = "2"]) 
2026-03-27 01:47:34.827  INFO 1 - [7878-exec-6] healenium                        : [Save Elements] Request: By.id(my-check-2) 
2026-03-27 01:47:34.910  INFO 1 - [7878-exec-7] healenium                        : [Save Elements] Request: By.id(my-radio-2) 
2026-03-27 01:47:34.978  INFO 1 - [7878-exec-8] healenium                        : [Save Elements] Request: By.name(my-date) 
2026-03-27 01:47:35.042  INFO 1 - [7878-exec-9] healenium                        : [Save Elements] Request: By.cssSelector(button[type='submit']) 
2026-03-27 01:51:26.418  INFO 1 - [7878-exec-6] healenium                        : [Save Elements] Request: By.name(my-password) 
2026-03-27 01:51:26.602  INFO 1 - [7878-exec-7] healenium                        : [Save Elements] Request: By.name(my-textarea) 
2026-03-27 01:51:26.696  INFO 1 - [7878-exec-8] healenium                        : [Save Elements] Request: By.name(my-select) 
2026-03-27 01:51:26.753  INFO 1 - [7878-exec-9] healenium                        : [Save Elements] Request: By.xpath(.//option[@value = "2"]) 
2026-03-27 01:51:27.873  INFO 1 - [878-exec-10] healenium                        : [Save Elements] Request: By.id(my-check-2) 
2026-03-27 01:51:27.985  INFO 1 - [7878-exec-1] healenium                        : [Save Elements] Request: By.id(my-radio-2) 
2026-03-27 01:51:28.061  INFO 1 - [7878-exec-2] healenium                        : [Save Elements] Request: By.name(my-date) 
2026-03-27 01:51:28.160  INFO 1 - [7878-exec-3] healenium                        : [Save Elements] Request: By.cssSelector(button[type='submit']) 
2026-03-27 02:12:54.496  INFO 1 - [7878-exec-5] healenium                        : [Save Elements] Request: By.id(my-text-id) 
2026-03-27 02:12:54.690  INFO 1 - [7878-exec-6] healenium                        : [Save Elements] Request: By.name(my-password) 
2026-03-27 02:12:54.767  INFO 1 - [7878-exec-7] healenium                        : [Save Elements] Request: By.name(my-textarea) 
2026-03-27 02:12:54.857  INFO 1 - [7878-exec-8] healenium                        : [Save Elements] Request: By.name(my-select) 
2026-03-27 02:12:54.903  INFO 1 - [7878-exec-9] healenium                        : [Save Elements] Request: By.xpath(.//option[@value = "2"]) 
2026-03-27 02:12:55.995  INFO 1 - [878-exec-10] healenium                        : [Save Elements] Request: By.id(my-check-2) 
2026-03-27 02:12:56.166  INFO 1 - [7878-exec-1] healenium                        : [Save Elements] Request: By.id(my-radio-2) 
2026-03-27 02:12:56.228  INFO 1 - [7878-exec-2] healenium                        : [Save Elements] Request: By.name(my-date) 
2026-03-27 02:12:56.314  INFO 1 - [7878-exec-3] healenium                        : [Save Elements] Request: By.cssSelector(button[type='submit']) 
2026-03-27 02:25:38.073  INFO 1 - [7878-exec-4] healenium                        : [Save Elements] Request: By.name(my-textarea) 
2026-03-27 02:25:38.184  INFO 1 - [7878-exec-5] healenium                        : [Save Elements] Request: By.name(my-select) 
2026-03-27 02:25:38.259  INFO 1 - [7878-exec-6] healenium                        : [Save Elements] Request: By.xpath(.//option[@value = "2"]) 
2026-03-27 02:25:39.365  INFO 1 - [7878-exec-7] healenium                        : [Save Elements] Request: By.id(my-check-2) 
2026-03-27 02:25:39.518  INFO 1 - [7878-exec-8] healenium                        : [Save Elements] Request: By.id(my-radio-2) 
2026-03-27 02:25:39.597  INFO 1 - [7878-exec-9] healenium                        : [Save Elements] Request: By.name(my-date) 
2026-03-27 02:25:39.708  INFO 1 - [878-exec-10] healenium                        : [Save Elements] Request: By.cssSelector(button[type='submit']) 
